[기준 폴더] C:\Users\gimbe\OneDrive\Desktop\새 폴더\왭검색
[데이터 폴더] C:\Users\gimbe\OneDrive\Desktop\새 폴더\왭검색\data
[저장 폴더] C:\Users\gimbe\OneDrive\Desktop\새 폴더\왭검색\결과
[캐릭터 수] 121
[건너뜀] Nicole (1/121, 파일 10개)
[건너뜀] Durin (2/121, 파일 11개)
[건너뜀] Traveler (Pyro) (3/121, 파일 10개)
[건너뜀] Mavuika (4/121, 파일 10개)
[건너뜀] Arlecchino (5/121, 파일 15개)
[건너뜀] Gaming (6/121, 파일 10개)
[건너뜀] Chevreuse (7/121, 파일 17개)
[건너뜀] Lyney (8/121, 파일 10개)
[건너뜀] Dehya (9/121, 파일 20개)
[건너뜀] Xiangling (10/121, 파일 20개)
[건너뜀] Diluc (11/121, 파일 20개)
[건너뜀] Xinyan (12/121, 파일 10개)
[건너뜀] Hu Tao (13/121, 파일 10개)
[건너뜀] Bennett (14/121, 파일 10개)
[건너뜀] Yanfei (15/121, 파일 10개)
[건너뜀] Thoma (16/121, 파일 10개)
[건너뜀] Yoimiya (17/121, 파일 10개)
[건너뜀] Amber (18/121, 파일 14개)
[건너뜀] Klee (19/121, 파일 10개)
[건너뜀] Columbina (20/121, 파일 10개)
[건너뜀] Aino (21/121, 파일 20개)
[건너뜀] Dahlia (22/121, 파일 20개)
[건너뜀] Mualani (23/121, 파일 20개)
[건너뜀] Sigewinne (24/121, 파일 20개)
[건너뜀] Furina (25/121, 파일 20개)
[건너뜀] Neuvillette (26/121, 파일 16개)
[건너뜀] Traveler (Hydro) (27/121, 파일 19개)
[건너뜀] Candace (28/121, 파일 16개)
[건너뜀] Nilou (29/121, 파일 13개)
[건너뜀] Yelan (30/121, 파일 20개)
[건너뜀] Tartaglia (31/121, 파일 20개)
[건너뜀] Xingqiu (32/121, 파일 20개)
[건너뜀] Mona (33/121, 파일 14개)
[건너뜀] Barbara (34/121, 파일 20개)
[건너뜀] Kamisato Ayato (35/121, 파일 20개)
[건너뜀] Sangonomiya Kokomi (36/121, 파일 16개)
[건너뜀] Nefer (37/121, 파일 18개)
[건너뜀] Lauma (38/121, 파일 20개)
[건너뜀] Kinich (39/121, 파일 14개)
[건너뜀] Emilie (40/121, 파일 20개)
[건너뜀] Kirara (41/121, 파일 17개)
[건너뜀] Baizhu (42/121, 파일 10개)
[건너뜀] Kaveh (43/121, 파일 20개)
[건너뜀] Alhaitham (44/121, 파일 14개)
[건너뜀] Yaoyao (45/121, 파일 20개)
[건너뜀] Nahida (46/121, 파일 13개)
[건너뜀] Traveler (Dendro) (47/121, 파일 20개)
[건너뜀] Collei (48/121, 파일 29개)
